This file contains any messages produced by compilers while
running configure, to aid debugging if configure makes a mistake.

It was created by onig configure 5.9.2, which was
generated by GNU Autoconf 2.61.  Invocation command line was

  $ ./configure --disable-dependency-tracking --host=x86_64-apple-darwin11.1.0 --build=i686-apple-darwin11.1.0

## --------- ##
## Platform. ##
## --------- ##

hostname = Richard-Kochs-Mac-Pro.local
uname -m = i386
uname -r = 11.1.0
uname -s = Darwin
uname -v = Darwin Kernel Version 11.1.0: Tue Jul 26 16:09:02 PDT 2011; root:xnu-1699.22.81~1/RELEASE_I386

/usr/bin/uname -p = i386
/bin/uname -X     = unknown

/bin/arch              = unknown
/usr/bin/arch -k       = unknown
/usr/convex/getsysinfo = unknown
/usr/bin/hostinfo      = Mach kernel version:
	 Darwin Kernel Version 11.1.0: Tue Jul 26 16:09:02 PDT 2011; root:xnu-1699.22.81~1/RELEASE_I386
Kernel configured for up to 4 processors.
4 processors are physically available.
4 processors are logically available.
Processor type: i486 (Intel 80486)
Processors active: 0 1 2 3
Primary memory available: 4.00 gigabytes
Default processor set: 78 tasks, 340 threads, 4 processors
Load average: 1.28, Mach factor: 2.71
/bin/machine           = unknown
/usr/bin/oslevel       = unknown
/bin/universe          = unknown

PATH: /Developer/usr/bin
PATH: /usr/bin
PATH: /bin
PATH: /usr/sbin
PATH: /sbin


## ----------- ##
## Core tests. ##
## ----------- ##

configure:1967: checking for a BSD-compatible install
configure:2023: result: /usr/bin/install -c
configure:2034: checking whether build environment is sane
configure:2077: result: yes
configure:2105: checking for a thread-safe mkdir -p
configure:2144: result: ./install-sh -c -d
configure:2157: checking for gawk
configure:2187: result: no
configure:2157: checking for mawk
configure:2187: result: no
configure:2157: checking for nawk
configure:2187: result: no
configure:2157: checking for awk
configure:2173: found /usr/bin/awk
configure:2184: result: awk
configure:2195: checking whether make sets $(MAKE)
configure:2216: result: yes
configure:2296: checking for x86_64-apple-darwin11.1.0-strip
configure:2326: result: no
configure:2336: checking for strip
configure:2352: found /Developer/usr/bin/strip
configure:2363: result: strip
configure:2377: WARNING: In the future, Autoconf will not detect cross-tools
whose name does not start with the host triplet.  If you think this
configuration is useful to you, please write to autoconf@gnu.org.
configure:2461: checking for x86_64-apple-darwin11.1.0-gcc
configure:2488: result: gcc -arch x86_64 
configure:2766: checking for C compiler version
configure:2773: gcc -arch x86_64  --version >&5
i686-apple-darwin11-llvm-gcc-4.2 (GCC) 4.2.1 (Based on Apple Inc. build 5658) (LLVM build 2335.15.00)
Copyright (C) 2007 Free Software Foundation, Inc.
This is free software; see the source for copying conditions.  There is NO
warranty; not even for MERCHANTABILITY or FITNESS FOR A PARTICULAR PURPOSE.

configure:2776: $? = 0
configure:2783: gcc -arch x86_64  -v >&5
Using built-in specs.
Target: i686-apple-darwin11
Configured with: /private/var/tmp/llvmgcc42/llvmgcc42-2335.15~25/src/configure --disable-checking --enable-werror --prefix=/Developer/usr/llvm-gcc-4.2 --mandir=/share/man --enable-languages=c,objc,c++,obj-c++ --program-prefix=llvm- --program-transform-name=/^[cg][^.-]*$/s/$/-4.2/ --with-slibdir=/usr/lib --build=i686-apple-darwin11 --enable-llvm=/private/var/tmp/llvmgcc42/llvmgcc42-2335.15~25/dst-llvmCore/Developer/usr/local --program-prefix=i686-apple-darwin11- --host=x86_64-apple-darwin11 --target=i686-apple-darwin11 --with-gxx-include-dir=/usr/include/c++/4.2.1
Thread model: posix
gcc version 4.2.1 (Based on Apple Inc. build 5658) (LLVM build 2335.15.00)
configure:2786: $? = 0
configure:2793: gcc -arch x86_64  -V >&5
llvm-gcc-4.2: argument to `-V' is missing
configure:2796: $? = 1
configure:2819: checking for C compiler default output file name
configure:2846: gcc -arch x86_64     conftest.c  >&5
configure:2849: $? = 0
configure:2887: result: a.out
configure:2904: checking whether the C compiler works
configure:2934: result: yes
configure:2941: checking whether we are cross compiling
configure:2943: result: yes
configure:2946: checking for suffix of executables
configure:2953: gcc -arch x86_64  -o conftest    conftest.c  >&5
configure:2956: $? = 0
configure:2980: result: 
configure:2986: checking for suffix of object files
configure:3012: gcc -arch x86_64  -c   conftest.c >&5
configure:3015: $? = 0
configure:3038: result: o
configure:3042: checking whether we are using the GNU C compiler
configure:3071: gcc -arch x86_64  -c   conftest.c >&5
configure:3077: $? = 0
configure:3094: result: yes
configure:3099: checking whether gcc -arch x86_64  accepts -g
configure:3129: gcc -arch x86_64  -c -g  conftest.c >&5
configure:3135: $? = 0
configure:3234: result: yes
configure:3251: checking for gcc -arch x86_64  option to accept ISO C89
configure:3325: gcc -arch x86_64   -c -g -O2  conftest.c >&5
configure:3331: $? = 0
configure:3354: result: none needed
configure:3383: checking for style of include used by make
configure:3411: result: GNU
configure:3436: checking dependency style of gcc -arch x86_64 
configure:3527: result: none
configure:3573: checking build system type
configure:3591: result: i686-apple-darwin11.1.0
configure:3613: checking host system type
configure:3628: result: x86_64-apple-darwin11.1.0
configure:3650: checking for a sed that does not truncate output
configure:3729: result: /usr/bin/sed
configure:3747: checking for grep that handles long lines and -e
configure:3821: result: /usr/bin/grep
configure:3826: checking for egrep
configure:3904: result: /usr/bin/grep -E
configure:3909: checking for fgrep
configure:3987: result: /usr/bin/grep -F
configure:4022: checking for ld used by gcc -arch x86_64 
configure:4089: result: /Developer/usr/llvm-gcc-4.2/libexec/gcc/i686-apple-darwin11/4.2.1/ld
configure:4098: checking if the linker (/Developer/usr/llvm-gcc-4.2/libexec/gcc/i686-apple-darwin11/4.2.1/ld) is GNU ld
configure:4113: result: no
configure:4125: checking for BSD- or MS-compatible name lister (nm)
configure:4174: result: no
configure:4185: checking for x86_64-apple-darwin11.1.0-dumpbin
configure:4215: result: no
configure:4185: checking for x86_64-apple-darwin11.1.0-link
configure:4215: result: no
configure:4229: checking for dumpbin
configure:4259: result: no
configure:4229: checking for link
configure:4245: found /bin/link
configure:4256: result: link -dump -symbols
configure:4296: checking the name lister (link -dump -symbols) interface
configure:4303: gcc -arch x86_64  -c -g -O2  conftest.c >&5
configure:4306: link -dump -symbols "conftest.o"
link: illegal option -- d
usage: ln [-Ffhinsv] source_file [target_file]
       ln [-Ffhinsv] source_file ... target_dir
       link source_file target_file
configure:4309: output
configure:4316: result: BSD nm
configure:4319: checking whether ln -s works
configure:4323: result: yes
configure:4331: checking the maximum length of command line arguments
configure:4451: result: 196608
configure:4468: checking whether the shell understands some XSI constructs
configure:4478: result: yes
configure:4482: checking whether the shell understands "+="
configure:4488: result: yes
configure:4523: checking for /Developer/usr/llvm-gcc-4.2/libexec/gcc/i686-apple-darwin11/4.2.1/ld option to reload object files
configure:4530: result: -r
configure:4557: checking how to recognize dependent libraries
configure:4747: result: pass_all
configure:4767: checking for x86_64-apple-darwin11.1.0-ar
configure:4797: result: no
configure:4807: checking for ar
configure:4823: found /Developer/usr/bin/ar
configure:4834: result: ar
configure:4876: checking for x86_64-apple-darwin11.1.0-strip
configure:4903: result: strip
configure:4979: checking for x86_64-apple-darwin11.1.0-ranlib
configure:5009: result: no
configure:5019: checking for ranlib
configure:5035: found /Developer/usr/bin/ranlib
configure:5046: result: ranlib
configure:5140: checking command to parse link -dump -symbols output from gcc -arch x86_64  object
configure:5258: gcc -arch x86_64  -c -g -O2  conftest.c >&5
configure:5261: $? = 0
configure:5265: link -dump -symbols conftest.o \| sed -n -e 's/^.*[	 ]\([BCDEGRST][BCDEGRST]*\)[	 ][	 ]*\([_A-Za-z][_A-Za-z0-9]*\)$/\1 \2 \2/p' \> conftest.nm
link: illegal option -- d
usage: ln [-Ffhinsv] source_file [target_file]
       ln [-Ffhinsv] source_file ... target_dir
       link source_file target_file
configure:5268: $? = 0
cannot run sed -n -e 's/^.*[	 ]\([BCDEGRST][BCDEGRST]*\)[	 ][	 ]*\([_A-Za-z][_A-Za-z0-9]*\)$/\1 \2 \2/p'
configure:5258: gcc -arch x86_64  -c -g -O2  conftest.c >&5
configure:5261: $? = 0
configure:5265: link -dump -symbols conftest.o \| sed -n -e 's/^.*[	 ]\([BCDEGRST][BCDEGRST]*\)[	 ][	 ]*_\([_A-Za-z][_A-Za-z0-9]*\)$/\1 _\2 \2/p' \> conftest.nm
link: illegal option -- d
usage: ln [-Ffhinsv] source_file [target_file]
       ln [-Ffhinsv] source_file ... target_dir
       link source_file target_file
configure:5268: $? = 0
cannot run sed -n -e 's/^.*[	 ]\([BCDEGRST][BCDEGRST]*\)[	 ][	 ]*_\([_A-Za-z][_A-Za-z0-9]*\)$/\1 _\2 \2/p'
configure:5360: result: failed
configure:5613: checking for x86_64-apple-darwin11.1.0-dsymutil
configure:5643: result: no
configure:5653: checking for dsymutil
configure:5669: found /Developer/usr/bin/dsymutil
configure:5680: result: dsymutil
configure:5709: checking for x86_64-apple-darwin11.1.0-nmedit
configure:5739: result: no
configure:5749: checking for nmedit
configure:5765: found /Developer/usr/bin/nmedit
configure:5776: result: nmedit
configure:5805: checking for x86_64-apple-darwin11.1.0-lipo
configure:5835: result: no
configure:5845: checking for lipo
configure:5861: found /usr/bin/lipo
configure:5872: result: lipo
configure:5901: checking for x86_64-apple-darwin11.1.0-otool
configure:5931: result: no
configure:5941: checking for otool
configure:5957: found /Developer/usr/bin/otool
configure:5968: result: otool
configure:5997: checking for x86_64-apple-darwin11.1.0-otool64
configure:6027: result: no
configure:6037: checking for otool64
configure:6067: result: no
configure:6116: checking for -single_module linker flag
gcc -arch x86_64  -g -O2  -o libconftest.dylib -dynamiclib -Wl,-single_module conftest.c
configure:6143: result: yes
configure:6145: checking for -exported_symbols_list linker flag
configure:6175: gcc -arch x86_64  -o conftest -g -O2   -Wl,-exported_symbols_list,conftest.sym conftest.c  >&5
configure:6181: $? = 0
configure:6200: result: yes
configure:6242: checking how to run the C preprocessor
configure:6282: gcc -arch x86_64  -E  conftest.c
configure:6288: $? = 0
configure:6319: gcc -arch x86_64  -E  conftest.c
conftest.c:10:28: error: ac_nonexistent.h: No such file or directory
configure:6325: $? = 1
configure: failed program was:
| /* confdefs.h.  */
| #define PACKAGE_NAME "onig"
| #define PACKAGE_TARNAME "onig"
| #define PACKAGE_VERSION "5.9.2"
| #define PACKAGE_STRING "onig 5.9.2"
| #define PACKAGE_BUGREPORT ""
| #define PACKAGE "onig"
| #define VERSION "5.9.2"
| /* end confdefs.h.  */
| #include <ac_nonexistent.h>
configure:6358: result: gcc -arch x86_64  -E
configure:6387: gcc -arch x86_64  -E  conftest.c
configure:6393: $? = 0
configure:6424: gcc -arch x86_64  -E  conftest.c
conftest.c:10:28: error: ac_nonexistent.h: No such file or directory
configure:6430: $? = 1
configure: failed program was:
| /* confdefs.h.  */
| #define PACKAGE_NAME "onig"
| #define PACKAGE_TARNAME "onig"
| #define PACKAGE_VERSION "5.9.2"
| #define PACKAGE_STRING "onig 5.9.2"
| #define PACKAGE_BUGREPORT ""
| #define PACKAGE "onig"
| #define VERSION "5.9.2"
| /* end confdefs.h.  */
| #include <ac_nonexistent.h>
configure:6468: checking for ANSI C header files
configure:6498: gcc -arch x86_64  -c -g -O2  conftest.c >&5
configure:6504: $? = 0
configure:6632: result: yes
configure:6656: checking for sys/types.h
configure:6677: gcc -arch x86_64  -c -g -O2  conftest.c >&5
configure:6683: $? = 0
configure:6699: result: yes
configure:6656: checking for sys/stat.h
configure:6677: gcc -arch x86_64  -c -g -O2  conftest.c >&5
configure:6683: $? = 0
configure:6699: result: yes
configure:6656: checking for stdlib.h
configure:6677: gcc -arch x86_64  -c -g -O2  conftest.c >&5
configure:6683: $? = 0
configure:6699: result: yes
configure:6656: checking for string.h
configure:6677: gcc -arch x86_64  -c -g -O2  conftest.c >&5
configure:6683: $? = 0
configure:6699: result: yes
configure:6656: checking for memory.h
configure:6677: gcc -arch x86_64  -c -g -O2  conftest.c >&5
configure:6683: $? = 0
configure:6699: result: yes
configure:6656: checking for strings.h
configure:6677: gcc -arch x86_64  -c -g -O2  conftest.c >&5
configure:6683: $? = 0
configure:6699: result: yes
configure:6656: checking for inttypes.h
configure:6677: gcc -arch x86_64  -c -g -O2  conftest.c >&5
configure:6683: $? = 0
configure:6699: result: yes
configure:6656: checking for stdint.h
configure:6677: gcc -arch x86_64  -c -g -O2  conftest.c >&5
configure:6683: $? = 0
configure:6699: result: yes
configure:6656: checking for unistd.h
configure:6677: gcc -arch x86_64  -c -g -O2  conftest.c >&5
configure:6683: $? = 0
configure:6699: result: yes
configure:6715: checking for dlfcn.h
configure:6736: gcc -arch x86_64  -c -g -O2  conftest.c >&5
configure:6742: $? = 0
configure:6758: result: yes
configure:6942: checking for objdir
configure:6957: result: .libs
configure:7249: checking if gcc -arch x86_64  supports -fno-rtti -fno-exceptions
configure:7267: gcc -arch x86_64  -c -g -O2  -fno-rtti -fno-exceptions conftest.c >&5
cc1: warning: command line option "-fno-rtti" is valid for C++/ObjC++ but not for C
configure:7271: $? = 0
configure:7284: result: no
configure:7304: checking for gcc -arch x86_64  option to produce PIC
configure:7561: result: -fno-common -DPIC
configure:7573: checking if gcc -arch x86_64  PIC flag -fno-common -DPIC works
configure:7591: gcc -arch x86_64  -c -g -O2  -fno-common -DPIC -DPIC conftest.c >&5
configure:7595: $? = 0
configure:7608: result: yes
configure:7632: checking if gcc -arch x86_64  static flag -static works
configure:7660: result: no
configure:7675: checking if gcc -arch x86_64  supports -c -o file.o
configure:7696: gcc -arch x86_64  -c -g -O2  -o out/conftest2.o conftest.c >&5
configure:7700: $? = 0
configure:7722: result: yes
configure:7730: checking if gcc -arch x86_64  supports -c -o file.o
configure:7777: result: yes
configure:7810: checking whether the gcc -arch x86_64  linker (/Developer/usr/llvm-gcc-4.2/libexec/gcc/i686-apple-darwin11/4.2.1/ld) supports shared libraries
configure:8864: result: yes
configure:9103: checking dynamic linker characteristics
configure:9782: result: darwin11.1.0 dyld
configure:9884: checking how to hardcode library paths into programs
configure:9909: result: immediate
configure:10722: checking whether stripping libraries is possible
configure:10736: result: yes
configure:10762: checking if libtool supports shared libraries
configure:10764: result: yes
configure:10767: checking whether to build shared libraries
configure:10788: result: yes
configure:10791: checking whether to build static libraries
configure:10795: result: yes
configure:10846: checking for a BSD-compatible install
configure:10902: result: /usr/bin/install -c
configure:10913: checking whether make sets $(MAKE)
configure:10934: result: yes
configure:10945: checking for ANSI C header files
configure:11109: result: yes
configure:11129: checking for stdlib.h
configure:11135: result: yes
configure:11129: checking for string.h
configure:11135: result: yes
configure:11129: checking for strings.h
configure:11135: result: yes
configure:11139: checking sys/time.h usability
configure:11156: gcc -arch x86_64  -c -g -O2  conftest.c >&5
configure:11162: $? = 0
configure:11176: result: yes
configure:11180: checking sys/time.h presence
configure:11195: gcc -arch x86_64  -E  conftest.c
configure:11201: $? = 0
configure:11215: result: yes
configure:11243: checking for sys/time.h
configure:11251: result: yes
configure:11129: checking for unistd.h
configure:11135: result: yes
configure:11139: checking sys/times.h usability
configure:11156: gcc -arch x86_64  -c -g -O2  conftest.c >&5
configure:11162: $? = 0
configure:11176: result: yes
configure:11180: checking sys/times.h presence
configure:11195: gcc -arch x86_64  -E  conftest.c
configure:11201: $? = 0
configure:11215: result: yes
configure:11243: checking for sys/times.h
configure:11251: result: yes
configure:11265: checking for int
configure:11295: gcc -arch x86_64  -c -g -O2  conftest.c >&5
configure:11301: $? = 0
configure:11316: result: yes
configure:11323: checking size of int
configure:11354: gcc -arch x86_64  -c -g -O2  conftest.c >&5
configure:11360: $? = 0
configure:11391: gcc -arch x86_64  -c -g -O2  conftest.c >&5
conftest.c: In function 'main':
conftest.c:66: error: size of array 'test_array' is negative
configure:11397: $? = 1
configure: failed program was:
| /* confdefs.h.  */
| #define PACKAGE_NAME "onig"
| #define PACKAGE_TARNAME "onig"
| #define PACKAGE_VERSION "5.9.2"
| #define PACKAGE_STRING "onig 5.9.2"
| #define PACKAGE_BUGREPORT ""
| #define PACKAGE "onig"
| #define VERSION "5.9.2"
| #define STDC_HEADERS 1
| #define HAVE_SYS_TYPES_H 1
| #define HAVE_SYS_STAT_H 1
| #define HAVE_STDLIB_H 1
| #define HAVE_STRING_H 1
| #define HAVE_MEMORY_H 1
| #define HAVE_STRINGS_H 1
| #define HAVE_INTTYPES_H 1
| #define HAVE_STDINT_H 1
| #define HAVE_UNISTD_H 1
| #define HAVE_DLFCN_H 1
| #define LT_OBJDIR ".libs/"
| #define STDC_HEADERS 1
| #define HAVE_STDLIB_H 1
| #define HAVE_STRING_H 1
| #define HAVE_STRINGS_H 1
| #define HAVE_SYS_TIME_H 1
| #define HAVE_UNISTD_H 1
| #define HAVE_SYS_TIMES_H 1
| /* end confdefs.h.  */
| #include <stdio.h>
| #ifdef HAVE_SYS_TYPES_H
| # include <sys/types.h>
| #endif
| #ifdef HAVE_SYS_STAT_H
| # include <sys/stat.h>
| #endif
| #ifdef STDC_HEADERS
| # include <stdlib.h>
| # include <stddef.h>
| #else
| # ifdef HAVE_STDLIB_H
| #  include <stdlib.h>
| # endif
| #endif
| #ifdef HAVE_STRING_H
| # if !defined STDC_HEADERS && defined HAVE_MEMORY_H
| #  include <memory.h>
| # endif
| # include <string.h>
| #endif
| #ifdef HAVE_STRINGS_H
| # include <strings.h>
| #endif
| #ifdef HAVE_INTTYPES_H
| # include <inttypes.h>
| #endif
| #ifdef HAVE_STDINT_H
| # include <stdint.h>
| #endif
| #ifdef HAVE_UNISTD_H
| # include <unistd.h>
| #endif
|    typedef int ac__type_sizeof_;
| int
| main ()
| {
| static int test_array [1 - 2 * !(((long int) (sizeof (ac__type_sizeof_))) <= 0)];
| test_array [0] = 0
| 
|   ;
|   return 0;
| }
configure:11391: gcc -arch x86_64  -c -g -O2  conftest.c >&5
conftest.c: In function 'main':
conftest.c:66: error: size of array 'test_array' is negative
configure:11397: $? = 1
configure: failed program was:
| /* confdefs.h.  */
| #define PACKAGE_NAME "onig"
| #define PACKAGE_TARNAME "onig"
| #define PACKAGE_VERSION "5.9.2"
| #define PACKAGE_STRING "onig 5.9.2"
| #define PACKAGE_BUGREPORT ""
| #define PACKAGE "onig"
| #define VERSION "5.9.2"
| #define STDC_HEADERS 1
| #define HAVE_SYS_TYPES_H 1
| #define HAVE_SYS_STAT_H 1
| #define HAVE_STDLIB_H 1
| #define HAVE_STRING_H 1
| #define HAVE_MEMORY_H 1
| #define HAVE_STRINGS_H 1
| #define HAVE_INTTYPES_H 1
| #define HAVE_STDINT_H 1
| #define HAVE_UNISTD_H 1
| #define HAVE_DLFCN_H 1
| #define LT_OBJDIR ".libs/"
| #define STDC_HEADERS 1
| #define HAVE_STDLIB_H 1
| #define HAVE_STRING_H 1
| #define HAVE_STRINGS_H 1
| #define HAVE_SYS_TIME_H 1
| #define HAVE_UNISTD_H 1
| #define HAVE_SYS_TIMES_H 1
| /* end confdefs.h.  */
| #include <stdio.h>
| #ifdef HAVE_SYS_TYPES_H
| # include <sys/types.h>
| #endif
| #ifdef HAVE_SYS_STAT_H
| # include <sys/stat.h>
| #endif
| #ifdef STDC_HEADERS
| # include <stdlib.h>
| # include <stddef.h>
| #else
| # ifdef HAVE_STDLIB_H
| #  include <stdlib.h>
| # endif
| #endif
| #ifdef HAVE_STRING_H
| # if !defined STDC_HEADERS && defined HAVE_MEMORY_H
| #  include <memory.h>
| # endif
| # include <string.h>
| #endif
| #ifdef HAVE_STRINGS_H
| # include <strings.h>
| #endif
| #ifdef HAVE_INTTYPES_H
| # include <inttypes.h>
| #endif
| #ifdef HAVE_STDINT_H
| # include <stdint.h>
| #endif
| #ifdef HAVE_UNISTD_H
| # include <unistd.h>
| #endif
|    typedef int ac__type_sizeof_;
| int
| main ()
| {
| static int test_array [1 - 2 * !(((long int) (sizeof (ac__type_sizeof_))) <= 1)];
| test_array [0] = 0
| 
|   ;
|   return 0;
| }
configure:11391: gcc -arch x86_64  -c -g -O2  conftest.c >&5
conftest.c: In function 'main':
conftest.c:66: error: size of array 'test_array' is negative
configure:11397: $? = 1
configure: failed program was:
| /* confdefs.h.  */
| #define PACKAGE_NAME "onig"
| #define PACKAGE_TARNAME "onig"
| #define PACKAGE_VERSION "5.9.2"
| #define PACKAGE_STRING "onig 5.9.2"
| #define PACKAGE_BUGREPORT ""
| #define PACKAGE "onig"
| #define VERSION "5.9.2"
| #define STDC_HEADERS 1
| #define HAVE_SYS_TYPES_H 1
| #define HAVE_SYS_STAT_H 1
| #define HAVE_STDLIB_H 1
| #define HAVE_STRING_H 1
| #define HAVE_MEMORY_H 1
| #define HAVE_STRINGS_H 1
| #define HAVE_INTTYPES_H 1
| #define HAVE_STDINT_H 1
| #define HAVE_UNISTD_H 1
| #define HAVE_DLFCN_H 1
| #define LT_OBJDIR ".libs/"
| #define STDC_HEADERS 1
| #define HAVE_STDLIB_H 1
| #define HAVE_STRING_H 1
| #define HAVE_STRINGS_H 1
| #define HAVE_SYS_TIME_H 1
| #define HAVE_UNISTD_H 1
| #define HAVE_SYS_TIMES_H 1
| /* end confdefs.h.  */
| #include <stdio.h>
| #ifdef HAVE_SYS_TYPES_H
| # include <sys/types.h>
| #endif
| #ifdef HAVE_SYS_STAT_H
| # include <sys/stat.h>
| #endif
| #ifdef STDC_HEADERS
| # include <stdlib.h>
| # include <stddef.h>
| #else
| # ifdef HAVE_STDLIB_H
| #  include <stdlib.h>
| # endif
| #endif
| #ifdef HAVE_STRING_H
| # if !defined STDC_HEADERS && defined HAVE_MEMORY_H
| #  include <memory.h>
| # endif
| # include <string.h>
| #endif
| #ifdef HAVE_STRINGS_H
| # include <strings.h>
| #endif
| #ifdef HAVE_INTTYPES_H
| # include <inttypes.h>
| #endif
| #ifdef HAVE_STDINT_H
| # include <stdint.h>
| #endif
| #ifdef HAVE_UNISTD_H
| # include <unistd.h>
| #endif
|    typedef int ac__type_sizeof_;
| int
| main ()
| {
| static int test_array [1 - 2 * !(((long int) (sizeof (ac__type_sizeof_))) <= 3)];
| test_array [0] = 0
| 
|   ;
|   return 0;
| }
configure:11391: gcc -arch x86_64  -c -g -O2  conftest.c >&5
configure:11397: $? = 0
configure:11546: gcc -arch x86_64  -c -g -O2  conftest.c >&5
configure:11552: $? = 0
configure:11546: gcc -arch x86_64  -c -g -O2  conftest.c >&5
configure:11552: $? = 0
configure:11660: result: 4
configure:11670: checking for short
configure:11700: gcc -arch x86_64  -c -g -O2  conftest.c >&5
configure:11706: $? = 0
configure:11721: result: yes
configure:11728: checking size of short
configure:11759: gcc -arch x86_64  -c -g -O2  conftest.c >&5
configure:11765: $? = 0
configure:11796: gcc -arch x86_64  -c -g -O2  conftest.c >&5
conftest.c: In function 'main':
conftest.c:67: error: size of array 'test_array' is negative
configure:11802: $? = 1
configure: failed program was:
| /* confdefs.h.  */
| #define PACKAGE_NAME "onig"
| #define PACKAGE_TARNAME "onig"
| #define PACKAGE_VERSION "5.9.2"
| #define PACKAGE_STRING "onig 5.9.2"
| #define PACKAGE_BUGREPORT ""
| #define PACKAGE "onig"
| #define VERSION "5.9.2"
| #define STDC_HEADERS 1
| #define HAVE_SYS_TYPES_H 1
| #define HAVE_SYS_STAT_H 1
| #define HAVE_STDLIB_H 1
| #define HAVE_STRING_H 1
| #define HAVE_MEMORY_H 1
| #define HAVE_STRINGS_H 1
| #define HAVE_INTTYPES_H 1
| #define HAVE_STDINT_H 1
| #define HAVE_UNISTD_H 1
| #define HAVE_DLFCN_H 1
| #define LT_OBJDIR ".libs/"
| #define STDC_HEADERS 1
| #define HAVE_STDLIB_H 1
| #define HAVE_STRING_H 1
| #define HAVE_STRINGS_H 1
| #define HAVE_SYS_TIME_H 1
| #define HAVE_UNISTD_H 1
| #define HAVE_SYS_TIMES_H 1
| #define SIZEOF_INT 4
| /* end confdefs.h.  */
| #include <stdio.h>
| #ifdef HAVE_SYS_TYPES_H
| # include <sys/types.h>
| #endif
| #ifdef HAVE_SYS_STAT_H
| # include <sys/stat.h>
| #endif
| #ifdef STDC_HEADERS
| # include <stdlib.h>
| # include <stddef.h>
| #else
| # ifdef HAVE_STDLIB_H
| #  include <stdlib.h>
| # endif
| #endif
| #ifdef HAVE_STRING_H
| # if !defined STDC_HEADERS && defined HAVE_MEMORY_H
| #  include <memory.h>
| # endif
| # include <string.h>
| #endif
| #ifdef HAVE_STRINGS_H
| # include <strings.h>
| #endif
| #ifdef HAVE_INTTYPES_H
| # include <inttypes.h>
| #endif
| #ifdef HAVE_STDINT_H
| # include <stdint.h>
| #endif
| #ifdef HAVE_UNISTD_H
| # include <unistd.h>
| #endif
|    typedef short ac__type_sizeof_;
| int
| main ()
| {
| static int test_array [1 - 2 * !(((long int) (sizeof (ac__type_sizeof_))) <= 0)];
| test_array [0] = 0
| 
|   ;
|   return 0;
| }
configure:11796: gcc -arch x86_64  -c -g -O2  conftest.c >&5
conftest.c: In function 'main':
conftest.c:67: error: size of array 'test_array' is negative
configure:11802: $? = 1
configure: failed program was:
| /* confdefs.h.  */
| #define PACKAGE_NAME "onig"
| #define PACKAGE_TARNAME "onig"
| #define PACKAGE_VERSION "5.9.2"
| #define PACKAGE_STRING "onig 5.9.2"
| #define PACKAGE_BUGREPORT ""
| #define PACKAGE "onig"
| #define VERSION "5.9.2"
| #define STDC_HEADERS 1
| #define HAVE_SYS_TYPES_H 1
| #define HAVE_SYS_STAT_H 1
| #define HAVE_STDLIB_H 1
| #define HAVE_STRING_H 1
| #define HAVE_MEMORY_H 1
| #define HAVE_STRINGS_H 1
| #define HAVE_INTTYPES_H 1
| #define HAVE_STDINT_H 1
| #define HAVE_UNISTD_H 1
| #define HAVE_DLFCN_H 1
| #define LT_OBJDIR ".libs/"
| #define STDC_HEADERS 1
| #define HAVE_STDLIB_H 1
| #define HAVE_STRING_H 1
| #define HAVE_STRINGS_H 1
| #define HAVE_SYS_TIME_H 1
| #define HAVE_UNISTD_H 1
| #define HAVE_SYS_TIMES_H 1
| #define SIZEOF_INT 4
| /* end confdefs.h.  */
| #include <stdio.h>
| #ifdef HAVE_SYS_TYPES_H
| # include <sys/types.h>
| #endif
| #ifdef HAVE_SYS_STAT_H
| # include <sys/stat.h>
| #endif
| #ifdef STDC_HEADERS
| # include <stdlib.h>
| # include <stddef.h>
| #else
| # ifdef HAVE_STDLIB_H
| #  include <stdlib.h>
| # endif
| #endif
| #ifdef HAVE_STRING_H
| # if !defined STDC_HEADERS && defined HAVE_MEMORY_H
| #  include <memory.h>
| # endif
| # include <string.h>
| #endif
| #ifdef HAVE_STRINGS_H
| # include <strings.h>
| #endif
| #ifdef HAVE_INTTYPES_H
| # include <inttypes.h>
| #endif
| #ifdef HAVE_STDINT_H
| # include <stdint.h>
| #endif
| #ifdef HAVE_UNISTD_H
| # include <unistd.h>
| #endif
|    typedef short ac__type_sizeof_;
| int
| main ()
| {
| static int test_array [1 - 2 * !(((long int) (sizeof (ac__type_sizeof_))) <= 1)];
| test_array [0] = 0
| 
|   ;
|   return 0;
| }
configure:11796: gcc -arch x86_64  -c -g -O2  conftest.c >&5
configure:11802: $? = 0
configure:11951: gcc -arch x86_64  -c -g -O2  conftest.c >&5
configure:11957: $? = 0
configure:12065: result: 2
configure:12075: checking for long
configure:12105: gcc -arch x86_64  -c -g -O2  conftest.c >&5
configure:12111: $? = 0
configure:12126: result: yes
configure:12133: checking size of long
configure:12164: gcc -arch x86_64  -c -g -O2  conftest.c >&5
configure:12170: $? = 0
configure:12201: gcc -arch x86_64  -c -g -O2  conftest.c >&5
conftest.c: In function 'main':
conftest.c:68: error: size of array 'test_array' is negative
configure:12207: $? = 1
configure: failed program was:
| /* confdefs.h.  */
| #define PACKAGE_NAME "onig"
| #define PACKAGE_TARNAME "onig"
| #define PACKAGE_VERSION "5.9.2"
| #define PACKAGE_STRING "onig 5.9.2"
| #define PACKAGE_BUGREPORT ""
| #define PACKAGE "onig"
| #define VERSION "5.9.2"
| #define STDC_HEADERS 1
| #define HAVE_SYS_TYPES_H 1
| #define HAVE_SYS_STAT_H 1
| #define HAVE_STDLIB_H 1
| #define HAVE_STRING_H 1
| #define HAVE_MEMORY_H 1
| #define HAVE_STRINGS_H 1
| #define HAVE_INTTYPES_H 1
| #define HAVE_STDINT_H 1
| #define HAVE_UNISTD_H 1
| #define HAVE_DLFCN_H 1
| #define LT_OBJDIR ".libs/"
| #define STDC_HEADERS 1
| #define HAVE_STDLIB_H 1
| #define HAVE_STRING_H 1
| #define HAVE_STRINGS_H 1
| #define HAVE_SYS_TIME_H 1
| #define HAVE_UNISTD_H 1
| #define HAVE_SYS_TIMES_H 1
| #define SIZEOF_INT 4
| #define SIZEOF_SHORT 2
| /* end confdefs.h.  */
| #include <stdio.h>
| #ifdef HAVE_SYS_TYPES_H
| # include <sys/types.h>
| #endif
| #ifdef HAVE_SYS_STAT_H
| # include <sys/stat.h>
| #endif
| #ifdef STDC_HEADERS
| # include <stdlib.h>
| # include <stddef.h>
| #else
| # ifdef HAVE_STDLIB_H
| #  include <stdlib.h>
| # endif
| #endif
| #ifdef HAVE_STRING_H
| # if !defined STDC_HEADERS && defined HAVE_MEMORY_H
| #  include <memory.h>
| # endif
| # include <string.h>
| #endif
| #ifdef HAVE_STRINGS_H
| # include <strings.h>
| #endif
| #ifdef HAVE_INTTYPES_H
| # include <inttypes.h>
| #endif
| #ifdef HAVE_STDINT_H
| # include <stdint.h>
| #endif
| #ifdef HAVE_UNISTD_H
| # include <unistd.h>
| #endif
|    typedef long ac__type_sizeof_;
| int
| main ()
| {
| static int test_array [1 - 2 * !(((long int) (sizeof (ac__type_sizeof_))) <= 0)];
| test_array [0] = 0
| 
|   ;
|   return 0;
| }
configure:12201: gcc -arch x86_64  -c -g -O2  conftest.c >&5
conftest.c: In function 'main':
conftest.c:68: error: size of array 'test_array' is negative
configure:12207: $? = 1
configure: failed program was:
| /* confdefs.h.  */
| #define PACKAGE_NAME "onig"
| #define PACKAGE_TARNAME "onig"
| #define PACKAGE_VERSION "5.9.2"
| #define PACKAGE_STRING "onig 5.9.2"
| #define PACKAGE_BUGREPORT ""
| #define PACKAGE "onig"
| #define VERSION "5.9.2"
| #define STDC_HEADERS 1
| #define HAVE_SYS_TYPES_H 1
| #define HAVE_SYS_STAT_H 1
| #define HAVE_STDLIB_H 1
| #define HAVE_STRING_H 1
| #define HAVE_MEMORY_H 1
| #define HAVE_STRINGS_H 1
| #define HAVE_INTTYPES_H 1
| #define HAVE_STDINT_H 1
| #define HAVE_UNISTD_H 1
| #define HAVE_DLFCN_H 1
| #define LT_OBJDIR ".libs/"
| #define STDC_HEADERS 1
| #define HAVE_STDLIB_H 1
| #define HAVE_STRING_H 1
| #define HAVE_STRINGS_H 1
| #define HAVE_SYS_TIME_H 1
| #define HAVE_UNISTD_H 1
| #define HAVE_SYS_TIMES_H 1
| #define SIZEOF_INT 4
| #define SIZEOF_SHORT 2
| /* end confdefs.h.  */
| #include <stdio.h>
| #ifdef HAVE_SYS_TYPES_H
| # include <sys/types.h>
| #endif
| #ifdef HAVE_SYS_STAT_H
| # include <sys/stat.h>
| #endif
| #ifdef STDC_HEADERS
| # include <stdlib.h>
| # include <stddef.h>
| #else
| # ifdef HAVE_STDLIB_H
| #  include <stdlib.h>
| # endif
| #endif
| #ifdef HAVE_STRING_H
| # if !defined STDC_HEADERS && defined HAVE_MEMORY_H
| #  include <memory.h>
| # endif
| # include <string.h>
| #endif
| #ifdef HAVE_STRINGS_H
| # include <strings.h>
| #endif
| #ifdef HAVE_INTTYPES_H
| # include <inttypes.h>
| #endif
| #ifdef HAVE_STDINT_H
| # include <stdint.h>
| #endif
| #ifdef HAVE_UNISTD_H
| # include <unistd.h>
| #endif
|    typedef long ac__type_sizeof_;
| int
| main ()
| {
| static int test_array [1 - 2 * !(((long int) (sizeof (ac__type_sizeof_))) <= 1)];
| test_array [0] = 0
| 
|   ;
|   return 0;
| }
configure:12201: gcc -arch x86_64  -c -g -O2  conftest.c >&5
conftest.c: In function 'main':
conftest.c:68: error: size of array 'test_array' is negative
configure:12207: $? = 1
configure: failed program was:
| /* confdefs.h.  */
| #define PACKAGE_NAME "onig"
| #define PACKAGE_TARNAME "onig"
| #define PACKAGE_VERSION "5.9.2"
| #define PACKAGE_STRING "onig 5.9.2"
| #define PACKAGE_BUGREPORT ""
| #define PACKAGE "onig"
| #define VERSION "5.9.2"
| #define STDC_HEADERS 1
| #define HAVE_SYS_TYPES_H 1
| #define HAVE_SYS_STAT_H 1
| #define HAVE_STDLIB_H 1
| #define HAVE_STRING_H 1
| #define HAVE_MEMORY_H 1
| #define HAVE_STRINGS_H 1
| #define HAVE_INTTYPES_H 1
| #define HAVE_STDINT_H 1
| #define HAVE_UNISTD_H 1
| #define HAVE_DLFCN_H 1
| #define LT_OBJDIR ".libs/"
| #define STDC_HEADERS 1
| #define HAVE_STDLIB_H 1
| #define HAVE_STRING_H 1
| #define HAVE_STRINGS_H 1
| #define HAVE_SYS_TIME_H 1
| #define HAVE_UNISTD_H 1
| #define HAVE_SYS_TIMES_H 1
| #define SIZEOF_INT 4
| #define SIZEOF_SHORT 2
| /* end confdefs.h.  */
| #include <stdio.h>
| #ifdef HAVE_SYS_TYPES_H
| # include <sys/types.h>
| #endif
| #ifdef HAVE_SYS_STAT_H
| # include <sys/stat.h>
| #endif
| #ifdef STDC_HEADERS
| # include <stdlib.h>
| # include <stddef.h>
| #else
| # ifdef HAVE_STDLIB_H
| #  include <stdlib.h>
| # endif
| #endif
| #ifdef HAVE_STRING_H
| # if !defined STDC_HEADERS && defined HAVE_MEMORY_H
| #  include <memory.h>
| # endif
| # include <string.h>
| #endif
| #ifdef HAVE_STRINGS_H
| # include <strings.h>
| #endif
| #ifdef HAVE_INTTYPES_H
| # include <inttypes.h>
| #endif
| #ifdef HAVE_STDINT_H
| # include <stdint.h>
| #endif
| #ifdef HAVE_UNISTD_H
| # include <unistd.h>
| #endif
|    typedef long ac__type_sizeof_;
| int
| main ()
| {
| static int test_array [1 - 2 * !(((long int) (sizeof (ac__type_sizeof_))) <= 3)];
| test_array [0] = 0
| 
|   ;
|   return 0;
| }
configure:12201: gcc -arch x86_64  -c -g -O2  conftest.c >&5
conftest.c: In function 'main':
conftest.c:68: error: size of array 'test_array' is negative
configure:12207: $? = 1
configure: failed program was:
| /* confdefs.h.  */
| #define PACKAGE_NAME "onig"
| #define PACKAGE_TARNAME "onig"
| #define PACKAGE_VERSION "5.9.2"
| #define PACKAGE_STRING "onig 5.9.2"
| #define PACKAGE_BUGREPORT ""
| #define PACKAGE "onig"
| #define VERSION "5.9.2"
| #define STDC_HEADERS 1
| #define HAVE_SYS_TYPES_H 1
| #define HAVE_SYS_STAT_H 1
| #define HAVE_STDLIB_H 1
| #define HAVE_STRING_H 1
| #define HAVE_MEMORY_H 1
| #define HAVE_STRINGS_H 1
| #define HAVE_INTTYPES_H 1
| #define HAVE_STDINT_H 1
| #define HAVE_UNISTD_H 1
| #define HAVE_DLFCN_H 1
| #define LT_OBJDIR ".libs/"
| #define STDC_HEADERS 1
| #define HAVE_STDLIB_H 1
| #define HAVE_STRING_H 1
| #define HAVE_STRINGS_H 1
| #define HAVE_SYS_TIME_H 1
| #define HAVE_UNISTD_H 1
| #define HAVE_SYS_TIMES_H 1
| #define SIZEOF_INT 4
| #define SIZEOF_SHORT 2
| /* end confdefs.h.  */
| #include <stdio.h>
| #ifdef HAVE_SYS_TYPES_H
| # include <sys/types.h>
| #endif
| #ifdef HAVE_SYS_STAT_H
| # include <sys/stat.h>
| #endif
| #ifdef STDC_HEADERS
| # include <stdlib.h>
| # include <stddef.h>
| #else
| # ifdef HAVE_STDLIB_H
| #  include <stdlib.h>
| # endif
| #endif
| #ifdef HAVE_STRING_H
| # if !defined STDC_HEADERS && defined HAVE_MEMORY_H
| #  include <memory.h>
| # endif
| # include <string.h>
| #endif
| #ifdef HAVE_STRINGS_H
| # include <strings.h>
| #endif
| #ifdef HAVE_INTTYPES_H
| # include <inttypes.h>
| #endif
| #ifdef HAVE_STDINT_H
| # include <stdint.h>
| #endif
| #ifdef HAVE_UNISTD_H
| # include <unistd.h>
| #endif
|    typedef long ac__type_sizeof_;
| int
| main ()
| {
| static int test_array [1 - 2 * !(((long int) (sizeof (ac__type_sizeof_))) <= 7)];
| test_array [0] = 0
| 
|   ;
|   return 0;
| }
configure:12201: gcc -arch x86_64  -c -g -O2  conftest.c >&5
configure:12207: $? = 0
configure:12356: gcc -arch x86_64  -c -g -O2  conftest.c >&5
configure:12362: $? = 0
configure:12356: gcc -arch x86_64  -c -g -O2  conftest.c >&5
configure:12362: $? = 0
configure:12356: gcc -arch x86_64  -c -g -O2  conftest.c >&5
configure:12362: $? = 0
configure:12470: result: 8
configure:12480: checking for an ANSI C-conforming const
configure:12555: gcc -arch x86_64  -c -g -O2  conftest.c >&5
configure:12561: $? = 0
configure:12576: result: yes
configure:12586: checking whether time.h and sys/time.h may both be included
configure:12616: gcc -arch x86_64  -c -g -O2  conftest.c >&5
configure:12622: $? = 0
configure:12637: result: yes
configure:12650: checking for working alloca.h
configure:12677: gcc -arch x86_64  -o conftest -g -O2   conftest.c  >&5
configure:12683: $? = 0
configure:12700: result: yes
configure:12710: checking for alloca
configure:12757: gcc -arch x86_64  -o conftest -g -O2   conftest.c  >&5
configure:12763: $? = 0
configure:12780: result: yes
configure:13007: checking for working memcmp
configure:13088: result: no
configure:13098: checking for prototypes
configure:13124: gcc -arch x86_64  -c -g -O2  conftest.c >&5
configure:13130: $? = 0
configure:13145: result: yes
configure:13155: checking for variable length prototypes and stdarg.h
configure:13191: gcc -arch x86_64  -c -g -O2  conftest.c >&5
configure:13197: $? = 0
configure:13212: result: yes
configure:13341: creating ./config.status

## ---------------------- ##
## Running config.status. ##
## ---------------------- ##

This file was extended by onig config.status 5.9.2, which was
generated by GNU Autoconf 2.61.  Invocation command line was

  CONFIG_FILES    = 
  CONFIG_HEADERS  = 
  CONFIG_LINKS    = 
  CONFIG_COMMANDS = 
  $ ./config.status 

on Richard-Kochs-Mac-Pro.local

config.status:850: creating Makefile
config.status:850: creating onig-config
config.status:850: creating sample/Makefile
config.status:850: creating config.h
config.status:1093: config.h is unchanged
config.status:1139: executing depfiles commands
config.status:1139: executing libtool commands
config.status:1139: executing default commands

## ---------------- ##
## Cache variables. ##
## ---------------- ##

ac_cv_build=i686-apple-darwin11.1.0
ac_cv_c_compiler_gnu=yes
ac_cv_c_const=yes
ac_cv_env_CC_set=set
ac_cv_env_CC_value='gcc -arch x86_64 '
ac_cv_env_CFLAGS_set=
ac_cv_env_CFLAGS_value=
ac_cv_env_CPPFLAGS_set=
ac_cv_env_CPPFLAGS_value=
ac_cv_env_CPP_set=
ac_cv_env_CPP_value=
ac_cv_env_LDFLAGS_set=
ac_cv_env_LDFLAGS_value=
ac_cv_env_LIBS_set=
ac_cv_env_LIBS_value=
ac_cv_env_build_alias_set=set
ac_cv_env_build_alias_value=i686-apple-darwin11.1.0
ac_cv_env_host_alias_set=set
ac_cv_env_host_alias_value=x86_64-apple-darwin11.1.0
ac_cv_env_target_alias_set=
ac_cv_env_target_alias_value=
ac_cv_func_alloca_works=yes
ac_cv_func_memcmp_working=no
ac_cv_header_dlfcn_h=yes
ac_cv_header_inttypes_h=yes
ac_cv_header_memory_h=yes
ac_cv_header_stdc=yes
ac_cv_header_stdint_h=yes
ac_cv_header_stdlib_h=yes
ac_cv_header_string_h=yes
ac_cv_header_strings_h=yes
ac_cv_header_sys_stat_h=yes
ac_cv_header_sys_time_h=yes
ac_cv_header_sys_times_h=yes
ac_cv_header_sys_types_h=yes
ac_cv_header_time=yes
ac_cv_header_unistd_h=yes
ac_cv_host=x86_64-apple-darwin11.1.0
ac_cv_objext=o
ac_cv_path_EGREP='/usr/bin/grep -E'
ac_cv_path_FGREP='/usr/bin/grep -F'
ac_cv_path_GREP=/usr/bin/grep
ac_cv_path_SED=/usr/bin/sed
ac_cv_path_install='/usr/bin/install -c'
ac_cv_prog_AWK=awk
ac_cv_prog_CC='gcc -arch x86_64 '
ac_cv_prog_CPP='gcc -arch x86_64  -E'
ac_cv_prog_STRIP=strip
ac_cv_prog_ac_ct_AR=ar
ac_cv_prog_ac_ct_DSYMUTIL=dsymutil
ac_cv_prog_ac_ct_DUMPBIN='link -dump -symbols'
ac_cv_prog_ac_ct_LIPO=lipo
ac_cv_prog_ac_ct_NMEDIT=nmedit
ac_cv_prog_ac_ct_OTOOL=otool
ac_cv_prog_ac_ct_RANLIB=ranlib
ac_cv_prog_ac_ct_STRIP=strip
ac_cv_prog_cc_c89=
ac_cv_prog_cc_g=yes
ac_cv_prog_make_make_set=yes
ac_cv_sizeof_int=4
ac_cv_sizeof_long=8
ac_cv_sizeof_short=2
ac_cv_type_int=yes
ac_cv_type_long=yes
ac_cv_type_short=yes
ac_cv_working_alloca_h=yes
am_cv_CC_dependencies_compiler_type=none
lt_cv_apple_cc_single_mod=yes
lt_cv_deplibs_check_method=pass_all
lt_cv_file_magic_cmd='$MAGIC_CMD'
lt_cv_file_magic_test_file=
lt_cv_ld_exported_symbols_list=yes
lt_cv_ld_reload_flag=-r
lt_cv_nm_interface='BSD nm'
lt_cv_objdir=.libs
lt_cv_path_LD=/Developer/usr/llvm-gcc-4.2/libexec/gcc/i686-apple-darwin11/4.2.1/ld
lt_cv_path_NM=no
lt_cv_prog_compiler_c_o=yes
lt_cv_prog_compiler_pic_works=yes
lt_cv_prog_compiler_rtti_exceptions=no
lt_cv_prog_compiler_static_works=no
lt_cv_prog_gnu_ld=no
lt_cv_sys_global_symbol_pipe=
lt_cv_sys_global_symbol_to_c_name_address='sed -n -e '\''s/^: \([^ ]*\) $/  {\"\1\", (void *) 0},/p'\'' -e '\''s/^[BCDEGRST]* \([^ ]*\) \([^ ]*\)$/  {"\2", (void *) \&\2},/p'\'''
lt_cv_sys_global_symbol_to_c_name_address_lib_prefix='sed -n -e '\''s/^: \([^ ]*\) $/  {\"\1\", (void *) 0},/p'\'' -e '\''s/^[BCDEGRST]* \([^ ]*\) \(lib[^ ]*\)$/  {"\2", (void *) \&\2},/p'\'' -e '\''s/^[BCDEGRST]* \([^ ]*\) \([^ ]*\)$/  {"lib\2", (void *) \&\2},/p'\'''
lt_cv_sys_global_symbol_to_cdecl=
lt_cv_sys_max_cmd_len=196608

## ----------------- ##
## Output variables. ##
## ----------------- ##

ACLOCAL='${SHELL} /Users/koch/texshop-3.06/3rdparty/OgreKit_2_1_4/RegularExpression/oniguruma/x86_64/missing --run aclocal-1.10'
ALLOCA=''
AMDEPBACKSLASH=''
AMDEP_FALSE=''
AMDEP_TRUE='#'
AMTAR='${SHELL} /Users/koch/texshop-3.06/3rdparty/OgreKit_2_1_4/RegularExpression/oniguruma/x86_64/missing --run tar'
AR='ar'
AUTOCONF='${SHELL} /Users/koch/texshop-3.06/3rdparty/OgreKit_2_1_4/RegularExpression/oniguruma/x86_64/missing --run autoconf'
AUTOHEADER='${SHELL} /Users/koch/texshop-3.06/3rdparty/OgreKit_2_1_4/RegularExpression/oniguruma/x86_64/missing --run autoheader'
AUTOMAKE='${SHELL} /Users/koch/texshop-3.06/3rdparty/OgreKit_2_1_4/RegularExpression/oniguruma/x86_64/missing --run automake-1.10'
AWK='awk'
CC='gcc -arch x86_64 '
CCDEPMODE='depmode=none'
CFLAGS='-g -O2'
CPP='gcc -arch x86_64  -E'
CPPFLAGS=''
CYGPATH_W='echo'
DEFS='-DHAVE_CONFIG_H'
DEPDIR='.deps'
DSYMUTIL='dsymutil'
DUMPBIN='link -dump -symbols'
ECHO_C='ECHO_N=''
ECHO_T=''
EGREP='/usr/bin/grep -E'
EXEEXT=''
FGREP='/usr/bin/grep -F'
GREP='/usr/bin/grep'
INSTALL_DATA='${INSTALL} -m 644'
INSTALL_PROGRAM='${INSTALL}'
INSTALL_SCRIPT='${INSTALL}'
INSTALL_STRIP_PROGRAM='$(install_sh) -c -s'
LD='/Developer/usr/llvm-gcc-4.2/libexec/gcc/i686-apple-darwin11/4.2.1/ld'
LDFLAGS=''
LIBOBJS=' ${LIBOBJDIR}memcmp$U.o'
LIBS=''
LIBTOOL='$(SHELL) $(top_builddir)/libtool'
LIPO='lipo'
LN_S='ln -s'
LTLIBOBJS=' ${LIBOBJDIR}memcmp$U.lo'
LTVERSION='2:0:0'
MAKEINFO='${SHELL} /Users/koch/texshop-3.06/3rdparty/OgreKit_2_1_4/RegularExpression/oniguruma/x86_64/missing --run makeinfo'
NM='link -dump -symbols'
NMEDIT='nmedit'
OBJEXT='o'
OTOOL64=':'
OTOOL='otool'
PACKAGE='onig'
PACKAGE_BUGREPORT=''
PACKAGE_NAME='onig'
PACKAGE_STRING='onig 5.9.2'
PACKAGE_TARNAME='onig'
PACKAGE_VERSION='5.9.2'
PATH_SEPARATOR=':'
RANLIB='ranlib'
RUBYDIR='..'
SED='/usr/bin/sed'
SET_MAKE=''
SHELL='/bin/sh'
STATISTICS=''
STRIP='strip'
VERSION='5.9.2'
ac_ct_CC=''
ac_ct_DUMPBIN='link -dump -symbols'
am__fastdepCC_FALSE=''
am__fastdepCC_TRUE='#'
am__include='include'
am__isrc=''
am__leading_dot='.'
am__quote=''
am__tar='${AMTAR} chof - "$$tardir"'
am__untar='${AMTAR} xf -'
bindir='${exec_prefix}/bin'
build='i686-apple-darwin11.1.0'
build_alias='i686-apple-darwin11.1.0'
build_cpu='i686'
build_os='darwin11.1.0'
build_vendor='apple'
datadir='${datarootdir}'
datarootdir='${prefix}/share'
docdir='${datarootdir}/doc/${PACKAGE_TARNAME}'
dvidir='${docdir}'
exec_prefix='${prefix}'
host='x86_64-apple-darwin11.1.0'
host_alias='x86_64-apple-darwin11.1.0'
host_cpu='x86_64'
host_os='darwin11.1.0'
host_vendor='apple'
htmldir='${docdir}'
includedir='${prefix}/include'
infodir='${datarootdir}/info'
install_sh='$(SHELL) /Users/koch/texshop-3.06/3rdparty/OgreKit_2_1_4/RegularExpression/oniguruma/x86_64/install-sh'
libdir='${exec_prefix}/lib'
libexecdir='${exec_prefix}/libexec'
localedir='${datarootdir}/locale'
localstatedir='${prefix}/var'
lt_ECHO='/bin/echo'
mandir='${datarootdir}/man'
mkdir_p='$(top_builddir)/./install-sh -c -d'
oldincludedir='/usr/include'
pdfdir='${docdir}'
prefix='/usr/local'
program_transform_name='s,x,x,'
psdir='${docdir}'
sbindir='${exec_prefix}/sbin'
sharedstatedir='${prefix}/com'
sysconfdir='${prefix}/etc'
target_alias=''

## ----------- ##
## confdefs.h. ##
## ----------- ##

#define PACKAGE_NAME "onig"
#define PACKAGE_TARNAME "onig"
#define PACKAGE_VERSION "5.9.2"
#define PACKAGE_STRING "onig 5.9.2"
#define PACKAGE_BUGREPORT ""
#define PACKAGE "onig"
#define VERSION "5.9.2"
#define STDC_HEADERS 1
#define HAVE_SYS_TYPES_H 1
#define HAVE_SYS_STAT_H 1
#define HAVE_STDLIB_H 1
#define HAVE_STRING_H 1
#define HAVE_MEMORY_H 1
#define HAVE_STRINGS_H 1
#define HAVE_INTTYPES_H 1
#define HAVE_STDINT_H 1
#define HAVE_UNISTD_H 1
#define HAVE_DLFCN_H 1
#define LT_OBJDIR ".libs/"
#define STDC_HEADERS 1
#define HAVE_STDLIB_H 1
#define HAVE_STRING_H 1
#define HAVE_STRINGS_H 1
#define HAVE_SYS_TIME_H 1
#define HAVE_UNISTD_H 1
#define HAVE_SYS_TIMES_H 1
#define SIZEOF_INT 4
#define SIZEOF_SHORT 2
#define SIZEOF_LONG 8
#define TIME_WITH_SYS_TIME 1
#define HAVE_ALLOCA_H 1
#define HAVE_ALLOCA 1
#define HAVE_PROTOTYPES 1
#define HAVE_STDARG_PROTOTYPES 1

configure: exit 0
